<?xml version="1.0" encoding="UTF-8"?>
<testng-results skipped="0" failed="0" total="1" passed="1">
  <reporter-output>
  </reporter-output>
  <suite name="Default suite" duration-ms="10687" started-at="2019-02-27T17:03:08Z" finished-at="2019-02-27T17:03:19Z">
    <groups>
    </groups>
    <test name="Default test" duration-ms="10687" started-at="2019-02-27T17:03:08Z" finished-at="2019-02-27T17:03:19Z">
      <class name="com.qa.hs.test.LoginTest">
        <test-method status="PASS" signature="loginTest()[pri:0, instance:com.qa.hs.test.LoginTest@643b1d11]" name="loginTest" duration-ms="10669" started-at="2019-02-27T22:33:08Z" finished-at="2019-02-27T22:33:19Z">
          <reporter-output>
          </reporter-output>
        </test-method> <!-- loginTest -->
      </class> <!-- com.qa.hs.test.LoginTest -->
    </test> <!-- Default test -->
  </suite> <!-- Default suite -->
</testng-results>
